{"C:\\Users\\mark8\\job-search\\src\\components\\ActionButton.vue": {"path":"C:\\Users\\mark8\\job-search\\src\\components\\ActionButton.vue","statementMap":{"0":{"start":{"line":8,"column":15},"end":{"line":8,"column":null}},"1":{"start":{"line":20,"column":8},"end":{"line":20,"column":15}},"2":{"start":{"line":25,"column":4},"end":{"line":25,"column":11}},"3":{"start":{"line":31,"column":6},"end":{"line":31,"column":13}}},"fnMap":{"0":{"name":"(anonymous_0)","decl":{"start":{"line":19,"column":6},"end":{"line":19,"column":15}},"loc":{"start":{"line":19,"column":23},"end":{"line":21,"column":null}}},"1":{"name":"(anonymous_1)","decl":{"start":{"line":24,"column":2},"end":{"line":24,"column":6}},"loc":{"start":{"line":24,"column":9},"end":{"line":28,"column":null}}},"2":{"name":"(anonymous_2)","decl":{"start":{"line":30,"column":4},"end":{"line":30,"column":15}},"loc":{"start":{"line":30,"column":18},"end":{"line":34,"column":null}}}},"branchMap":{},"s":{"0":2,"1":7,"2":2,"3":2},"f":{"0":7,"1":2,"2":2},"b":{}}
,"C:\\Users\\mark8\\job-search\\src\\components\\ProfileImage.vue": {"path":"C:\\Users\\mark8\\job-search\\src\\components\\ProfileImage.vue","statementMap":{"0":{"start":{"line":6,"column":15},"end":{"line":6,"column":null}},"1":{"start":{"line":9,"column":4},"end":{"line":9,"column":11}}},"fnMap":{"0":{"name":"(anonymous_0)","decl":{"start":{"line":8,"column":2},"end":{"line":8,"column":6}},"loc":{"start":{"line":8,"column":9},"end":{"line":13,"column":null}}}},"branchMap":{},"s":{"0":2,"1":1},"f":{"0":1},"b":{}}
,"C:\\Users\\mark8\\job-search\\src\\components\\Subnav.vue": {"path":"C:\\Users\\mark8\\job-search\\src\\components\\Subnav.vue","statementMap":{"0":{"start":{"line":16,"column":15},"end":{"line":16,"column":null}},"1":{"start":{"line":19,"column":4},"end":{"line":19,"column":11}}},"fnMap":{"0":{"name":"(anonymous_0)","decl":{"start":{"line":18,"column":2},"end":{"line":18,"column":6}},"loc":{"start":{"line":18,"column":9},"end":{"line":22,"column":null}}}},"branchMap":{},"s":{"0":2,"1":2},"f":{"0":2},"b":{}}
,"C:\\Users\\mark8\\job-search\\src\\utils\\nextElementInList.js": {"path":"C:\\Users\\mark8\\job-search\\src\\utils\\nextElementInList.js","statementMap":{"0":{"start":{"line":1,"column":26},"end":{"line":6,"column":1}},"1":{"start":{"line":2,"column":23},"end":{"line":2,"column":42}},"2":{"start":{"line":3,"column":25},"end":{"line":3,"column":57}},"3":{"start":{"line":4,"column":20},"end":{"line":4,"column":40}},"4":{"start":{"line":5,"column":2},"end":{"line":5,"column":19}}},"fnMap":{"0":{"name":"(anonymous_0)","decl":{"start":{"line":1,"column":26},"end":{"line":1,"column":27}},"loc":{"start":{"line":1,"column":43},"end":{"line":6,"column":1}},"line":1}},"branchMap":{},"s":{"0":2,"1":2,"2":2,"3":2,"4":2},"f":{"0":2},"b":{},"_coverageSchema":"1a1c01bbd47fc00a2c39e90264f33305004495a9","hash":"b15016e6cea6f09865f601c7ba1c92dbc81ba023"}
}
